Test Set: Avg. Loss: 0.0003, Accuracy: 9542/10000 (95.42%) 
[[ 967    0    7    1    1    8    9    0    3    8]
 [   0 1110    1    1    1    1    3    7    2    6]
 [   1    3  981    7    5    1    2   18    4    1]
 [   1    2   10  961    0   14    0    5   16   10]
 [   0    1    8    0  937    3    8    3    6   17]
 [   3    1    2   12    0  834    9    1    8    2]
 [   6    3    4    1    9   10  922    0   10    1]
 [   1    2    8   12    3    1    1  969    7   10]
 [   1   13   10   11    4   13    4    3  914    7]
 [   0    0    1    4   22    7    0   22    4  947]]
0 91.44%
1 87.94%
2 91.18%
3 89.10%
4 87.89%
5 88.72%
6 89.90%
7 88.38%
8 90.11%
9 87.78%
