Test Set: Avg. Loss: 0.0004, Accuracy: 9428/10000 (94.28%) 
[[ 966    0    9    3    1    9   11    3    8   11]
 [   0 1114    1    1    2    1    3    9    5    9]
 [   0    4  963   16    4    3    4   21    5    1]
 [   1    2   10  937    0   19    1    3   17   10]
 [   0    1    6    2  933    5    9    7    9   31]
 [   3    1    2   20    0  823   10    1   15    5]
 [   8    3    9    1   10   12  917    0   13    1]
 [   1    2   12   15    4    3    1  961    8   12]
 [   1    8   16   12    3   11    2    2  888    3]
 [   0    0    4    3   25    6    0   21    6  926]]
0 82.02%
1 77.30%
2 81.70%
3 79.88%
4 76.81%
5 78.77%
6 80.73%
7 76.93%
8 81.91%
9 77.54%
