Test Set: Avg. Loss: 0.0004, Accuracy: 8877/10000 (88.77%) 
[[ 865    0    5    2    1    2    8    1    1    3]
 [   0 1030    0    0    0    3    2    3    1    1]
 [   6    5  889   12    5    4   14   23    4    8]
 [   6   23   22  897    2   23    2   13   24   12]
 [   0    1   19    0  902    4   27   11    7   35]
 [  90    7   18   57    5  813   55    3   42   24]
 [   6    3    6    1    7    7  833    0    1    0]
 [   1    2   15    7    1    2    1  863    3    6]
 [   6   64   51   23   16   27   16   10  877   12]
 [   0    0    7   11   43    7    0  101   14  908]]
0 63.65%
1 62.02%
2 63.67%
3 63.18%
4 63.12%
5 62.92%
6 63.56%
7 62.71%
8 63.80%
9 63.21%
