Test Set: Avg. Loss: 0.0005, Accuracy: 9310/10000 (93.10%) 
[[ 962    0    9    3    1    8   14    3    9   12]
 [   0 1108    1    1    2    2    3    8    5    7]
 [   2    4  945   23    3    2    4   26    8    1]
 [   1    2   12  922    1   27    1    5   18   12]
 [   0    0   12    1  927    3   12    6   10   39]
 [   5    1    2   21    0  801   10    0   15    5]
 [   6    3   11    2   12   15  913    0   12    1]
 [   3    2   13   14    2    6    0  943   12   18]
 [   1   15   21   15    4   21    1    2  880    5]
 [   0    0    6    8   30    7    0   35    5  909]]
0 78.19%
1 72.86%
2 77.54%
3 75.86%
4 73.63%
5 74.18%
6 75.30%
7 75.40%
8 77.03%
9 74.24%
